<?xml version="1.0" encoding="UTF-8"?>
<!-- Generated by org.testng.reporters.JUnitXMLReporter -->
<testsuite ignored="0" hostname="LAPTOP-3BL16AQ1" failures="0" tests="3" name="Default test" time="12.671" errors="0" timestamp="2022-05-19T19:31:06 IST">
  <testcase classname="Pages.TestNGExamplek" name="login" time="6.329"/>
  <testcase classname="Pages.TestNGExamplek" name="enterUsername" time="0.164"/>
  <testcase classname="Pages.TestNGExamplek" name="enterPassword" time="0.16"/>
</testsuite> <!-- Default test -->
